2026-01-16 21:56:17 - FactorioCalculator - INFO - Logger initialized successfully
2026-01-16 21:56:17 - FactorioCalculator - DEBUG - Log file: C:\Users\David\Desktop\New folder\Factorio-Calculator\factorio_calculator.log
2026-01-16 21:56:17 - FactorioCalculator - INFO - ============================================================
2026-01-16 21:56:17 - FactorioCalculator - INFO - Factorio Calculator starting (CLI mode)
2026-01-16 21:56:17 - FactorioCalculator - INFO - ============================================================
2026-01-16 21:56:17 - FactorioCalculator - DEBUG - DataLoader initialized with directory: None
2026-01-16 21:56:17 - FactorioCalculator - INFO - Loading base game data
2026-01-16 21:56:17 - FactorioCalculator - DEBUG - Loading JSON file: C:\Users\David\Desktop\New folder\Factorio-Calculator\data\base.json
2026-01-16 21:56:17 - FactorioCalculator - INFO - Successfully loaded base.json
2026-01-16 21:56:17 - FactorioCalculator - INFO - Loaded 29 recipes, 3 machines, 6 modules
2026-01-16 21:56:17 - FactorioCalculator - DEBUG - Loading JSON file: C:\Users\David\Desktop\New folder\Factorio-Calculator\data\Config.json
2026-01-16 21:56:17 - FactorioCalculator - INFO - Successfully loaded Config.json
2026-01-16 21:56:17 - FactorioCalculator - DEBUG - Configuration loaded: belt_color=green, product=nonexistent_recipe_xyz, verbose=true, consoleLogging=false
2026-01-16 21:56:17 - FactorioCalculator - INFO - Configuration: product=nonexistent_recipe_xyz, belt_color=green, verbose=True
2026-01-16 21:56:17 - FactorioCalculator - DEBUG - Belt speed for green: 60 items/s
2026-01-16 21:56:17 - FactorioCalculator - INFO - Starting calculation for nonexistent_recipe_xyz
2026-01-16 21:56:17 - FactorioCalculator - DEBUG - RecipeCalculator initialized
2026-01-16 21:56:17 - FactorioCalculator - DEBUG - Calculating plan for recipe: nonexistent_recipe_xyz at rate: 60.00 items/s
2026-01-16 21:56:17 - FactorioCalculator - WARNING - Recipe 'nonexistent_recipe_xyz' not found!
2026-01-16 21:56:17 - FactorioCalculator - WARNING - Calculation aborted: Recipe 'nonexistent_recipe_xyz' not found!
2026-01-16 21:56:17 - FactorioCalculator - INFO - ============================================================
2026-01-16 22:01:07 - FactorioCalculator - INFO - Logger initialized successfully
2026-01-16 22:01:07 - FactorioCalculator - DEBUG - Log file: C:\Users\David\Desktop\New folder\Factorio-Calculator\factorio_calculator.log
2026-01-16 22:01:07 - FactorioCalculator - INFO - ============================================================
2026-01-16 22:01:07 - FactorioCalculator - INFO - Factorio Calculator starting (CLI mode)
2026-01-16 22:01:07 - FactorioCalculator - INFO - ============================================================
2026-01-16 22:01:07 - FactorioCalculator - DEBUG - DataLoader initialized with directory: None
2026-01-16 22:01:07 - FactorioCalculator - INFO - Loading base game data
2026-01-16 22:01:07 - FactorioCalculator - DEBUG - Loading JSON file: C:\Users\David\Desktop\New folder\Factorio-Calculator\data\base.json
2026-01-16 22:01:07 - FactorioCalculator - INFO - Successfully loaded base.json
2026-01-16 22:01:07 - FactorioCalculator - INFO - Loaded 29 recipes, 3 machines, 6 modules
2026-01-16 22:01:07 - FactorioCalculator - DEBUG - Loading JSON file: C:\Users\David\Desktop\New folder\Factorio-Calculator\data\Config.json
2026-01-16 22:01:07 - FactorioCalculator - INFO - Successfully loaded Config.json
2026-01-16 22:01:07 - FactorioCalculator - DEBUG - Configuration loaded: belt_color=pink, product=electric_engine_unit, verbose=true, consoleLogging=false
2026-01-16 22:01:07 - FactorioCalculator - INFO - Configuration: product=electric_engine_unit, belt_color=pink, verbose=True
2026-01-16 22:01:07 - FactorioCalculator - WARNING - Belt color 'pink' not found!
2026-01-16 22:01:07 - FactorioCalculator - WARNING - Calculation aborted: Belt color 'pink' not found!
2026-01-16 22:01:07 - FactorioCalculator - INFO - ============================================================
2026-01-16 22:01:13 - FactorioCalculator - INFO - Logger initialized successfully
2026-01-16 22:01:13 - FactorioCalculator - DEBUG - Log file: C:\Users\David\Desktop\New folder\Factorio-Calculator\factorio_calculator.log
2026-01-16 22:01:13 - FactorioCalculator - INFO - ============================================================
2026-01-16 22:01:13 - FactorioCalculator - INFO - Factorio Calculator starting (CLI mode)
2026-01-16 22:01:13 - FactorioCalculator - INFO - ============================================================
2026-01-16 22:01:13 - FactorioCalculator - DEBUG - DataLoader initialized with directory: None
2026-01-16 22:01:13 - FactorioCalculator - INFO - Loading base game data
2026-01-16 22:01:13 - FactorioCalculator - DEBUG - Loading JSON file: C:\Users\David\Desktop\New folder\Factorio-Calculator\data\base.json
2026-01-16 22:01:13 - FactorioCalculator - INFO - Successfully loaded base.json
2026-01-16 22:01:13 - FactorioCalculator - INFO - Loaded 29 recipes, 3 machines, 6 modules
2026-01-16 22:01:13 - FactorioCalculator - DEBUG - Loading JSON file: C:\Users\David\Desktop\New folder\Factorio-Calculator\data\Config.json
2026-01-16 22:01:13 - FactorioCalculator - INFO - Successfully loaded Config.json
2026-01-16 22:01:13 - FactorioCalculator - DEBUG - Configuration loaded: belt_color=pink, product=electric_engine_unit, verbose=true, consoleLogging=false
2026-01-16 22:01:13 - FactorioCalculator - INFO - Configuration: product=electric_engine_unit, belt_color=pink, verbose=True
2026-01-16 22:01:13 - FactorioCalculator - WARNING - Belt color 'pink' not found!
2026-01-16 22:01:13 - FactorioCalculator - WARNING - Calculation aborted: Belt color 'pink' not found!
2026-01-16 22:01:13 - FactorioCalculator - INFO - ============================================================
